0 info it worked if it ends with ok
1 verbose cli [ '/usr/local/bin/node',
1 verbose cli   '/usr/local/bin/npm',
1 verbose cli   'install',
1 verbose cli   'grunt-cli',
1 verbose cli   '-g' ]
2 info using npm@3.10.9
3 info using node@v6.9.2
4 silly loadCurrentTree Starting
5 silly install loadCurrentTree
6 silly install readGlobalPackageData
7 silly fetchPackageMetaData grunt-cli
8 silly fetchNamedPackageData grunt-cli
9 silly mapToRegistry name grunt-cli
10 silly mapToRegistry using default registry
11 silly mapToRegistry registry https://registry.npmjs.org/
12 silly mapToRegistry data Result {
12 silly mapToRegistry   raw: 'grunt-cli',
12 silly mapToRegistry   scope: null,
12 silly mapToRegistry   escapedName: 'grunt-cli',
12 silly mapToRegistry   name: 'grunt-cli',
12 silly mapToRegistry   rawSpec: '',
12 silly mapToRegistry   spec: 'latest',
12 silly mapToRegistry   type: 'tag' }
13 silly mapToRegistry uri https://registry.npmjs.org/grunt-cli
14 verbose request uri https://registry.npmjs.org/grunt-cli
15 verbose request no auth needed
16 info attempt registry request try #1 at 8:58:11 PM
17 verbose request id decc86937ffa0ce5
18 verbose etag W/"5853b532-7df1"
19 verbose lastModified Fri, 16 Dec 2016 09:34:42 GMT
20 http request GET https://registry.npmjs.org/grunt-cli
21 http 304 https://registry.npmjs.org/grunt-cli
22 verbose headers { date: 'Tue, 20 Dec 2016 12:57:58 GMT',
22 verbose headers   via: '1.1 varnish',
22 verbose headers   'cache-control': 'max-age=300',
22 verbose headers   etag: 'W/"5853b532-7df1"',
22 verbose headers   age: '0',
22 verbose headers   connection: 'keep-alive',
22 verbose headers   'x-served-by': 'cache-itm7421-ITM',
22 verbose headers   'x-cache': 'HIT',
22 verbose headers   'x-cache-hits': '1',
22 verbose headers   'x-timer': 'S1482238678.115579,VS0,VE124',
22 verbose headers   vary: 'Accept-Encoding' }
23 silly get cb [ 304,
23 silly get   { date: 'Tue, 20 Dec 2016 12:57:58 GMT',
23 silly get     via: '1.1 varnish',
23 silly get     'cache-control': 'max-age=300',
23 silly get     etag: 'W/"5853b532-7df1"',
23 silly get     age: '0',
23 silly get     connection: 'keep-alive',
23 silly get     'x-served-by': 'cache-itm7421-ITM',
23 silly get     'x-cache': 'HIT',
23 silly get     'x-cache-hits': '1',
23 silly get     'x-timer': 'S1482238678.115579,VS0,VE124',
23 silly get     vary: 'Accept-Encoding' } ]
24 verbose etag https://registry.npmjs.org/grunt-cli from cache
25 verbose get saving grunt-cli to /Users/yueyue/.npm/registry.npmjs.org/grunt-cli/.cache.json
26 verbose correctMkdir /Users/yueyue/.npm correctMkdir not in flight; initializing
27 silly install normalizeTree
28 silly loadCurrentTree Finishing
29 silly loadIdealTree Starting
30 silly install loadIdealTree
31 silly cloneCurrentTree Starting
32 silly install cloneCurrentTreeToIdealTree
33 silly cloneCurrentTree Finishing
34 silly loadShrinkwrap Starting
35 silly install loadShrinkwrap
36 silly loadShrinkwrap Finishing
37 silly loadAllDepsIntoIdealTree Starting
38 silly install loadAllDepsIntoIdealTree
39 silly resolveWithNewModule grunt-cli@1.2.0 checking installable status
40 silly cache add args [ 'grunt-cli', null ]
41 verbose cache add spec grunt-cli
42 silly cache add parsed spec Result {
42 silly cache add   raw: 'grunt-cli',
42 silly cache add   scope: null,
42 silly cache add   escapedName: 'grunt-cli',
42 silly cache add   name: 'grunt-cli',
42 silly cache add   rawSpec: '',
42 silly cache add   spec: 'latest',
42 silly cache add   type: 'tag' }
43 silly addNamed grunt-cli@latest
44 verbose addNamed "latest" is being treated as a dist-tag for grunt-cli
45 info addNameTag [ 'grunt-cli', 'latest' ]
46 silly mapToRegistry name grunt-cli
47 silly mapToRegistry using default registry
48 silly mapToRegistry registry https://registry.npmjs.org/
49 silly mapToRegistry data Result {
49 silly mapToRegistry   raw: 'grunt-cli',
49 silly mapToRegistry   scope: null,
49 silly mapToRegistry   escapedName: 'grunt-cli',
49 silly mapToRegistry   name: 'grunt-cli',
49 silly mapToRegistry   rawSpec: '',
49 silly mapToRegistry   spec: 'latest',
49 silly mapToRegistry   type: 'tag' }
50 silly mapToRegistry uri https://registry.npmjs.org/grunt-cli
51 verbose addNameTag registry:https://registry.npmjs.org/grunt-cli not in flight; fetching
52 verbose get https://registry.npmjs.org/grunt-cli not expired, no request
53 silly addNameTag next cb for grunt-cli with tag latest
54 silly addNamed grunt-cli@1.2.0
55 verbose addNamed "1.2.0" is a plain semver version for grunt-cli
56 silly cache afterAdd grunt-cli@1.2.0
57 verbose afterAdd /Users/yueyue/.npm/grunt-cli/1.2.0/package/package.json not in flight; writing
58 verbose correctMkdir /Users/yueyue/.npm correctMkdir not in flight; initializing
59 verbose afterAdd /Users/yueyue/.npm/grunt-cli/1.2.0/package/package.json written
60 silly fetchNamedPackageData findup-sync
61 silly mapToRegistry name findup-sync
62 silly mapToRegistry using default registry
63 silly mapToRegistry registry https://registry.npmjs.org/
64 silly mapToRegistry data Result {
64 silly mapToRegistry   raw: 'findup-sync',
64 silly mapToRegistry   scope: null,
64 silly mapToRegistry   escapedName: 'findup-sync',
64 silly mapToRegistry   name: 'findup-sync',
64 silly mapToRegistry   rawSpec: '',
64 silly mapToRegistry   spec: 'latest',
64 silly mapToRegistry   type: 'tag' }
65 silly mapToRegistry uri https://registry.npmjs.org/findup-sync
66 silly fetchNamedPackageData grunt-known-options
67 silly mapToRegistry name grunt-known-options
68 silly mapToRegistry using default registry
69 silly mapToRegistry registry https://registry.npmjs.org/
70 silly mapToRegistry data Result {
70 silly mapToRegistry   raw: 'grunt-known-options',
70 silly mapToRegistry   scope: null,
70 silly mapToRegistry   escapedName: 'grunt-known-options',
70 silly mapToRegistry   name: 'grunt-known-options',
70 silly mapToRegistry   rawSpec: '',
70 silly mapToRegistry   spec: 'latest',
70 silly mapToRegistry   type: 'tag' }
71 silly mapToRegistry uri https://registry.npmjs.org/grunt-known-options
72 silly fetchNamedPackageData nopt
73 silly mapToRegistry name nopt
74 silly mapToRegistry using default registry
75 silly mapToRegistry registry https://registry.npmjs.org/
76 silly mapToRegistry data Result {
76 silly mapToRegistry   raw: 'nopt',
76 silly mapToRegistry   scope: null,
76 silly mapToRegistry   escapedName: 'nopt',
76 silly mapToRegistry   name: 'nopt',
76 silly mapToRegistry   rawSpec: '',
76 silly mapToRegistry   spec: 'latest',
76 silly mapToRegistry   type: 'tag' }
77 silly mapToRegistry uri https://registry.npmjs.org/nopt
78 silly fetchNamedPackageData resolve
79 silly mapToRegistry name resolve
80 silly mapToRegistry using default registry
81 silly mapToRegistry registry https://registry.npmjs.org/
82 silly mapToRegistry data Result {
82 silly mapToRegistry   raw: 'resolve',
82 silly mapToRegistry   scope: null,
82 silly mapToRegistry   escapedName: 'resolve',
82 silly mapToRegistry   name: 'resolve',
82 silly mapToRegistry   rawSpec: '',
82 silly mapToRegistry   spec: 'latest',
82 silly mapToRegistry   type: 'tag' }
83 silly mapToRegistry uri https://registry.npmjs.org/resolve
84 verbose request uri https://registry.npmjs.org/nopt
85 verbose request no auth needed
86 info attempt registry request try #1 at 8:58:15 PM
87 verbose etag W/"58518ed2-84a2"
88 verbose lastModified Wed, 14 Dec 2016 18:26:26 GMT
89 http request GET https://registry.npmjs.org/nopt
90 verbose request uri https://registry.npmjs.org/grunt-known-options
91 verbose request no auth needed
92 info attempt registry request try #1 at 8:58:15 PM
93 verbose etag W/"56f9e838-dcc"
94 verbose lastModified Tue, 29 Mar 2016 02:28:08 GMT
95 http request GET https://registry.npmjs.org/grunt-known-options
96 verbose request uri https://registry.npmjs.org/findup-sync
97 verbose request no auth needed
98 info attempt registry request try #1 at 8:58:15 PM
99 verbose etag W/"58552985-4ae2"
100 verbose lastModified Sat, 17 Dec 2016 12:03:17 GMT
101 http request GET https://registry.npmjs.org/findup-sync
102 verbose request uri https://registry.npmjs.org/resolve
103 verbose request no auth needed
104 info attempt registry request try #1 at 8:58:15 PM
105 verbose etag W/"58552958-b3a1"
106 verbose lastModified Sat, 17 Dec 2016 12:02:32 GMT
107 http request GET https://registry.npmjs.org/resolve
108 http 304 https://registry.npmjs.org/nopt
109 verbose headers { date: 'Tue, 20 Dec 2016 12:58:00 GMT',
109 verbose headers   via: '1.1 varnish',
109 verbose headers   'cache-control': 'max-age=300',
109 verbose headers   etag: 'W/"58518ed2-84a2"',
109 verbose headers   age: '73',
109 verbose headers   connection: 'keep-alive',
109 verbose headers   'x-served-by': 'cache-itm7421-ITM',
109 verbose headers   'x-cache': 'HIT',
109 verbose headers   'x-cache-hits': '3',
109 verbose headers   'x-timer': 'S1482238680.242893,VS0,VE0',
109 verbose headers   vary: 'Accept-Encoding' }
110 silly get cb [ 304,
110 silly get   { date: 'Tue, 20 Dec 2016 12:58:00 GMT',
110 silly get     via: '1.1 varnish',
110 silly get     'cache-control': 'max-age=300',
110 silly get     etag: 'W/"58518ed2-84a2"',
110 silly get     age: '73',
110 silly get     connection: 'keep-alive',
110 silly get     'x-served-by': 'cache-itm7421-ITM',
110 silly get     'x-cache': 'HIT',
110 silly get     'x-cache-hits': '3',
110 silly get     'x-timer': 'S1482238680.242893,VS0,VE0',
110 silly get     vary: 'Accept-Encoding' } ]
111 verbose etag https://registry.npmjs.org/nopt from cache
112 verbose get saving nopt to /Users/yueyue/.npm/registry.npmjs.org/nopt/.cache.json
113 verbose correctMkdir /Users/yueyue/.npm correctMkdir not in flight; initializing
114 silly resolveWithNewModule nopt@3.0.6 checking installable status
115 silly cache add args [ 'nopt@~3.0.6', null ]
116 verbose cache add spec nopt@~3.0.6
117 silly cache add parsed spec Result {
117 silly cache add   raw: 'nopt@~3.0.6',
117 silly cache add   scope: null,
117 silly cache add   escapedName: 'nopt',
117 silly cache add   name: 'nopt',
117 silly cache add   rawSpec: '~3.0.6',
117 silly cache add   spec: '>=3.0.6 <3.1.0',
117 silly cache add   type: 'range' }
118 silly addNamed nopt@>=3.0.6 <3.1.0
119 verbose addNamed ">=3.0.6 <3.1.0" is a valid semver range for nopt
120 silly addNameRange { name: 'nopt', range: '>=3.0.6 <3.1.0', hasData: false }
121 silly mapToRegistry name nopt
122 silly mapToRegistry using default registry
123 silly mapToRegistry registry https://registry.npmjs.org/
124 silly mapToRegistry data Result {
124 silly mapToRegistry   raw: 'nopt',
124 silly mapToRegistry   scope: null,
124 silly mapToRegistry   escapedName: 'nopt',
124 silly mapToRegistry   name: 'nopt',
124 silly mapToRegistry   rawSpec: '',
124 silly mapToRegistry   spec: 'latest',
124 silly mapToRegistry   type: 'tag' }
125 silly mapToRegistry uri https://registry.npmjs.org/nopt
126 verbose addNameRange registry:https://registry.npmjs.org/nopt not in flight; fetching
127 verbose get https://registry.npmjs.org/nopt not expired, no request
128 silly addNameRange number 2 { name: 'nopt', range: '>=3.0.6 <3.1.0', hasData: true }
129 silly addNameRange versions [ 'nopt',
129 silly addNameRange   [ '1.0.0',
129 silly addNameRange     '1.0.1',
129 silly addNameRange     '1.0.2',
129 silly addNameRange     '1.0.3',
129 silly addNameRange     '1.0.4',
129 silly addNameRange     '1.0.5',
129 silly addNameRange     '1.0.6',
129 silly addNameRange     '1.0.7',
129 silly addNameRange     '1.0.8',
129 silly addNameRange     '1.0.9',
129 silly addNameRange     '1.0.10',
129 silly addNameRange     '2.0.0',
129 silly addNameRange     '2.1.0',
129 silly addNameRange     '2.1.1',
129 silly addNameRange     '2.1.2',
129 silly addNameRange     '2.2.0',
129 silly addNameRange     '2.2.1',
129 silly addNameRange     '3.0.0',
129 silly addNameRange     '3.0.1',
129 silly addNameRange     '3.0.2',
129 silly addNameRange     '3.0.3',
129 silly addNameRange     '3.0.4',
129 silly addNameRange     '3.0.5',
129 silly addNameRange     '3.0.6',
129 silly addNameRange     '4.0.0',
129 silly addNameRange     '4.0.1' ] ]
130 silly addNamed nopt@3.0.6
131 verbose addNamed "3.0.6" is a plain semver version for nopt
132 silly cache afterAdd nopt@3.0.6
133 verbose afterAdd /Users/yueyue/.npm/nopt/3.0.6/package/package.json not in flight; writing
134 verbose correctMkdir /Users/yueyue/.npm correctMkdir not in flight; initializing
135 verbose afterAdd /Users/yueyue/.npm/nopt/3.0.6/package/package.json written
136 http 304 https://registry.npmjs.org/grunt-known-options
137 verbose headers { date: 'Tue, 20 Dec 2016 12:58:00 GMT',
137 verbose headers   via: '1.1 varnish',
137 verbose headers   'cache-control': 'max-age=300',
137 verbose headers   etag: 'W/"56f9e838-dcc"',
137 verbose headers   age: '0',
137 verbose headers   connection: 'keep-alive',
137 verbose headers   'x-served-by': 'cache-itm7423-ITM',
137 verbose headers   'x-cache': 'HIT',
137 verbose headers   'x-cache-hits': '1',
137 verbose headers   'x-timer': 'S1482238680.456241,VS0,VE124',
137 verbose headers   vary: 'Accept-Encoding' }
138 silly get cb [ 304,
138 silly get   { date: 'Tue, 20 Dec 2016 12:58:00 GMT',
138 silly get     via: '1.1 varnish',
138 silly get     'cache-control': 'max-age=300',
138 silly get     etag: 'W/"56f9e838-dcc"',
138 silly get     age: '0',
138 silly get     connection: 'keep-alive',
138 silly get     'x-served-by': 'cache-itm7423-ITM',
138 silly get     'x-cache': 'HIT',
138 silly get     'x-cache-hits': '1',
138 silly get     'x-timer': 'S1482238680.456241,VS0,VE124',
138 silly get     vary: 'Accept-Encoding' } ]
139 verbose etag https://registry.npmjs.org/grunt-known-options from cache
140 verbose get saving grunt-known-options to /Users/yueyue/.npm/registry.npmjs.org/grunt-known-options/.cache.json
141 verbose correctMkdir /Users/yueyue/.npm correctMkdir not in flight; initializing
142 silly resolveWithNewModule grunt-known-options@1.1.0 checking installable status
143 silly cache add args [ 'grunt-known-options@~1.1.0', null ]
144 verbose cache add spec grunt-known-options@~1.1.0
145 silly cache add parsed spec Result {
145 silly cache add   raw: 'grunt-known-options@~1.1.0',
145 silly cache add   scope: null,
145 silly cache add   escapedName: 'grunt-known-options',
145 silly cache add   name: 'grunt-known-options',
145 silly cache add   rawSpec: '~1.1.0',
145 silly cache add   spec: '>=1.1.0 <1.2.0',
145 silly cache add   type: 'range' }
146 silly addNamed grunt-known-options@>=1.1.0 <1.2.0
147 verbose addNamed ">=1.1.0 <1.2.0" is a valid semver range for grunt-known-options
148 silly addNameRange { name: 'grunt-known-options',
148 silly addNameRange   range: '>=1.1.0 <1.2.0',
148 silly addNameRange   hasData: false }
149 silly mapToRegistry name grunt-known-options
150 silly mapToRegistry using default registry
151 silly mapToRegistry registry https://registry.npmjs.org/
152 silly mapToRegistry data Result {
152 silly mapToRegistry   raw: 'grunt-known-options',
152 silly mapToRegistry   scope: null,
152 silly mapToRegistry   escapedName: 'grunt-known-options',
152 silly mapToRegistry   name: 'grunt-known-options',
152 silly mapToRegistry   rawSpec: '',
152 silly mapToRegistry   spec: 'latest',
152 silly mapToRegistry   type: 'tag' }
153 silly mapToRegistry uri https://registry.npmjs.org/grunt-known-options
154 verbose addNameRange registry:https://registry.npmjs.org/grunt-known-options not in flight; fetching
155 verbose get https://registry.npmjs.org/grunt-known-options not expired, no request
156 silly addNameRange number 2 { name: 'grunt-known-options',
156 silly addNameRange   range: '>=1.1.0 <1.2.0',
156 silly addNameRange   hasData: true }
157 silly addNameRange versions [ 'grunt-known-options', [ '1.0.0', '1.1.0' ] ]
158 silly addNamed grunt-known-options@1.1.0
159 verbose addNamed "1.1.0" is a plain semver version for grunt-known-options
160 silly cache afterAdd grunt-known-options@1.1.0
161 verbose afterAdd /Users/yueyue/.npm/grunt-known-options/1.1.0/package/package.json not in flight; writing
162 verbose correctMkdir /Users/yueyue/.npm correctMkdir not in flight; initializing
163 verbose afterAdd /Users/yueyue/.npm/grunt-known-options/1.1.0/package/package.json written
164 http 304 https://registry.npmjs.org/resolve
165 verbose headers { date: 'Tue, 20 Dec 2016 12:58:01 GMT',
165 verbose headers   via: '1.1 varnish',
165 verbose headers   'cache-control': 'max-age=300',
165 verbose headers   etag: 'W/"58552958-b3a1"',
165 verbose headers   age: '275',
165 verbose headers   connection: 'keep-alive',
165 verbose headers   'x-served-by': 'cache-itm7426-ITM',
165 verbose headers   'x-cache': 'HIT',
165 verbose headers   'x-cache-hits': '4',
165 verbose headers   'x-timer': 'S1482238681.090329,VS0,VE0',
165 verbose headers   vary: 'Accept-Encoding' }
166 silly get cb [ 304,
166 silly get   { date: 'Tue, 20 Dec 2016 12:58:01 GMT',
166 silly get     via: '1.1 varnish',
166 silly get     'cache-control': 'max-age=300',
166 silly get     etag: 'W/"58552958-b3a1"',
166 silly get     age: '275',
166 silly get     connection: 'keep-alive',
166 silly get     'x-served-by': 'cache-itm7426-ITM',
166 silly get     'x-cache': 'HIT',
166 silly get     'x-cache-hits': '4',
166 silly get     'x-timer': 'S1482238681.090329,VS0,VE0',
166 silly get     vary: 'Accept-Encoding' } ]
167 verbose etag https://registry.npmjs.org/resolve from cache
168 verbose get saving resolve to /Users/yueyue/.npm/registry.npmjs.org/resolve/.cache.json
169 verbose correctMkdir /Users/yueyue/.npm correctMkdir not in flight; initializing
170 silly resolveWithNewModule resolve@1.1.7 checking installable status
171 silly cache add args [ 'resolve@~1.1.0', null ]
172 verbose cache add spec resolve@~1.1.0
173 silly cache add parsed spec Result {
173 silly cache add   raw: 'resolve@~1.1.0',
173 silly cache add   scope: null,
173 silly cache add   escapedName: 'resolve',
173 silly cache add   name: 'resolve',
173 silly cache add   rawSpec: '~1.1.0',
173 silly cache add   spec: '>=1.1.0 <1.2.0',
173 silly cache add   type: 'range' }
174 silly addNamed resolve@>=1.1.0 <1.2.0
175 verbose addNamed ">=1.1.0 <1.2.0" is a valid semver range for resolve
176 silly addNameRange { name: 'resolve', range: '>=1.1.0 <1.2.0', hasData: false }
177 silly mapToRegistry name resolve
178 silly mapToRegistry using default registry
179 silly mapToRegistry registry https://registry.npmjs.org/
180 silly mapToRegistry data Result {
180 silly mapToRegistry   raw: 'resolve',
180 silly mapToRegistry   scope: null,
180 silly mapToRegistry   escapedName: 'resolve',
180 silly mapToRegistry   name: 'resolve',
180 silly mapToRegistry   rawSpec: '',
180 silly mapToRegistry   spec: 'latest',
180 silly mapToRegistry   type: 'tag' }
181 silly mapToRegistry uri https://registry.npmjs.org/resolve
182 verbose addNameRange registry:https://registry.npmjs.org/resolve not in flight; fetching
183 verbose get https://registry.npmjs.org/resolve not expired, no request
184 silly addNameRange number 2 { name: 'resolve', range: '>=1.1.0 <1.2.0', hasData: true }
185 silly addNameRange versions [ 'resolve',
185 silly addNameRange   [ '0.0.0',
185 silly addNameRange     '0.0.1',
185 silly addNameRange     '0.0.2',
185 silly addNameRange     '0.0.3',
185 silly addNameRange     '0.0.4',
185 silly addNameRange     '0.1.0',
185 silly addNameRange     '0.1.2',
185 silly addNameRange     '0.1.3',
185 silly addNameRange     '0.2.0',
185 silly addNameRange     '0.2.1',
185 silly addNameRange     '0.2.2',
185 silly addNameRange     '0.2.3',
185 silly addNameRange     '0.2.4',
185 silly addNameRange     '0.2.5',
185 silly addNameRange     '0.2.6',
185 silly addNameRange     '0.2.7',
185 silly addNameRange     '0.2.8',
185 silly addNameRange     '0.3.0',
185 silly addNameRange     '0.3.1',
185 silly addNameRange     '0.4.0',
185 silly addNameRange     '0.4.1',
185 silly addNameRange     '0.4.2',
185 silly addNameRange     '0.4.3',
185 silly addNameRange     '0.5.0',
185 silly addNameRange     '0.5.1',
185 silly addNameRange     '0.6.0',
185 silly addNameRange     '0.6.1',
185 silly addNameRange     '0.6.2',
185 silly addNameRange     '0.6.3',
185 silly addNameRange     '0.7.0',
185 silly addNameRange     '0.7.1',
185 silly addNameRange     '0.7.2',
185 silly addNameRange     '0.7.3',
185 silly addNameRange     '0.7.4',
185 silly addNameRange     '1.0.0',
185 silly addNameRange     '1.1.0',
185 silly addNameRange     '1.1.2',
185 silly addNameRange     '1.1.3',
185 silly addNameRange     '1.1.4',
185 silly addNameRange     '1.1.5',
185 silly addNameRange     '1.1.6',
185 silly addNameRange     '1.1.7',
185 silly addNameRange     '1.2.0' ] ]
186 silly addNamed resolve@1.1.7
187 verbose addNamed "1.1.7" is a plain semver version for resolve
188 silly cache afterAdd resolve@1.1.7
189 verbose afterAdd /Users/yueyue/.npm/resolve/1.1.7/package/package.json not in flight; writing
190 verbose correctMkdir /Users/yueyue/.npm correctMkdir not in flight; initializing
191 verbose afterAdd /Users/yueyue/.npm/resolve/1.1.7/package/package.json written
192 http 304 https://registry.npmjs.org/findup-sync
193 verbose headers { date: 'Tue, 20 Dec 2016 12:58:00 GMT',
193 verbose headers   via: '1.1 varnish',
193 verbose headers   'cache-control': 'max-age=300',
193 verbose headers   etag: 'W/"58552985-4ae2"',
193 verbose headers   age: '206',
193 verbose headers   connection: 'keep-alive',
193 verbose headers   'x-served-by': 'cache-itm7422-ITM',
193 verbose headers   'x-cache': 'HIT',
193 verbose headers   'x-cache-hits': '1',
193 verbose headers   'x-timer': 'S1482238680.548252,VS0,VE0',
193 verbose headers   vary: 'Accept-Encoding' }
194 silly get cb [ 304,
194 silly get   { date: 'Tue, 20 Dec 2016 12:58:00 GMT',
194 silly get     via: '1.1 varnish',
194 silly get     'cache-control': 'max-age=300',
194 silly get     etag: 'W/"58552985-4ae2"',
194 silly get     age: '206',
194 silly get     connection: 'keep-alive',
194 silly get     'x-served-by': 'cache-itm7422-ITM',
194 silly get     'x-cache': 'HIT',
194 silly get     'x-cache-hits': '1',
194 silly get     'x-timer': 'S1482238680.548252,VS0,VE0',
194 silly get     vary: 'Accept-Encoding' } ]
195 verbose etag https://registry.npmjs.org/findup-sync from cache
196 verbose get saving findup-sync to /Users/yueyue/.npm/registry.npmjs.org/findup-sync/.cache.json
197 verbose correctMkdir /Users/yueyue/.npm correctMkdir not in flight; initializing
198 silly resolveWithNewModule findup-sync@0.3.0 checking installable status
199 silly cache add args [ 'findup-sync@~0.3.0', null ]
200 verbose cache add spec findup-sync@~0.3.0
201 silly cache add parsed spec Result {
201 silly cache add   raw: 'findup-sync@~0.3.0',
201 silly cache add   scope: null,
201 silly cache add   escapedName: 'findup-sync',
201 silly cache add   name: 'findup-sync',
201 silly cache add   rawSpec: '~0.3.0',
201 silly cache add   spec: '>=0.3.0 <0.4.0',
201 silly cache add   type: 'range' }
202 silly addNamed findup-sync@>=0.3.0 <0.4.0
203 verbose addNamed ">=0.3.0 <0.4.0" is a valid semver range for findup-sync
204 silly addNameRange { name: 'findup-sync', range: '>=0.3.0 <0.4.0', hasData: false }
205 silly mapToRegistry name findup-sync
206 silly mapToRegistry using default registry
207 silly mapToRegistry registry https://registry.npmjs.org/
208 silly mapToRegistry data Result {
208 silly mapToRegistry   raw: 'findup-sync',
208 silly mapToRegistry   scope: null,
208 silly mapToRegistry   escapedName: 'findup-sync',
208 silly mapToRegistry   name: 'findup-sync',
208 silly mapToRegistry   rawSpec: '',
208 silly mapToRegistry   spec: 'latest',
208 silly mapToRegistry   type: 'tag' }
209 silly mapToRegistry uri https://registry.npmjs.org/findup-sync
210 verbose addNameRange registry:https://registry.npmjs.org/findup-sync not in flight; fetching
211 verbose get https://registry.npmjs.org/findup-sync not expired, no request
212 silly addNameRange number 2 { name: 'findup-sync', range: '>=0.3.0 <0.4.0', hasData: true }
213 silly addNameRange versions [ 'findup-sync',
213 silly addNameRange   [ '0.1.0',
213 silly addNameRange     '0.1.1',
213 silly addNameRange     '0.1.2',
213 silly addNameRange     '0.1.3',
213 silly addNameRange     '0.2.0',
213 silly addNameRange     '0.2.1',
213 silly addNameRange     '0.3.0',
213 silly addNameRange     '0.4.0',
213 silly addNameRange     '0.4.1',
213 silly addNameRange     '0.4.2',
213 silly addNameRange     '0.4.3' ] ]
214 silly addNamed findup-sync@0.3.0
215 verbose addNamed "0.3.0" is a plain semver version for findup-sync
216 silly cache afterAdd findup-sync@0.3.0
217 verbose afterAdd /Users/yueyue/.npm/findup-sync/0.3.0/package/package.json not in flight; writing
218 verbose correctMkdir /Users/yueyue/.npm correctMkdir not in flight; initializing
219 verbose afterAdd /Users/yueyue/.npm/findup-sync/0.3.0/package/package.json written
220 silly fetchNamedPackageData glob
221 silly mapToRegistry name glob
222 silly mapToRegistry using default registry
223 silly mapToRegistry registry https://registry.npmjs.org/
224 silly mapToRegistry data Result {
224 silly mapToRegistry   raw: 'glob',
224 silly mapToRegistry   scope: null,
224 silly mapToRegistry   escapedName: 'glob',
224 silly mapToRegistry   name: 'glob',
224 silly mapToRegistry   rawSpec: '',
224 silly mapToRegistry   spec: 'latest',
224 silly mapToRegistry   type: 'tag' }
225 silly mapToRegistry uri https://registry.npmjs.org/glob
226 verbose request uri https://registry.npmjs.org/glob
227 verbose request no auth needed
228 info attempt registry request try #1 at 8:58:16 PM
229 verbose etag W/"5855b972-1f577"
230 verbose lastModified Sat, 17 Dec 2016 22:17:22 GMT
231 http request GET https://registry.npmjs.org/glob
232 http 304 https://registry.npmjs.org/glob
233 verbose headers { date: 'Tue, 20 Dec 2016 12:58:02 GMT',
233 verbose headers   via: '1.1 varnish',
233 verbose headers   'cache-control': 'max-age=300',
233 verbose headers   etag: 'W/"5855b972-1f577"',
233 verbose headers   age: '0',
233 verbose headers   connection: 'keep-alive',
233 verbose headers   'x-served-by': 'cache-itm7421-ITM',
233 verbose headers   'x-cache': 'HIT',
233 verbose headers   'x-cache-hits': '1',
233 verbose headers   'x-timer': 'S1482238682.178472,VS0,VE139',
233 verbose headers   vary: 'Accept-Encoding' }
234 silly get cb [ 304,
234 silly get   { date: 'Tue, 20 Dec 2016 12:58:02 GMT',
234 silly get     via: '1.1 varnish',
234 silly get     'cache-control': 'max-age=300',
234 silly get     etag: 'W/"5855b972-1f577"',
234 silly get     age: '0',
234 silly get     connection: 'keep-alive',
234 silly get     'x-served-by': 'cache-itm7421-ITM',
234 silly get     'x-cache': 'HIT',
234 silly get     'x-cache-hits': '1',
234 silly get     'x-timer': 'S1482238682.178472,VS0,VE139',
234 silly get     vary: 'Accept-Encoding' } ]
235 verbose etag https://registry.npmjs.org/glob from cache
236 verbose get saving glob to /Users/yueyue/.npm/registry.npmjs.org/glob/.cache.json
237 verbose correctMkdir /Users/yueyue/.npm correctMkdir not in flight; initializing
238 silly resolveWithNewModule glob@5.0.15 checking installable status
239 silly cache add args [ 'glob@~5.0.0', null ]
240 verbose cache add spec glob@~5.0.0
241 silly cache add parsed spec Result {
241 silly cache add   raw: 'glob@~5.0.0',
241 silly cache add   scope: null,
241 silly cache add   escapedName: 'glob',
241 silly cache add   name: 'glob',
241 silly cache add   rawSpec: '~5.0.0',
241 silly cache add   spec: '>=5.0.0 <5.1.0',
241 silly cache add   type: 'range' }
242 silly addNamed glob@>=5.0.0 <5.1.0
243 verbose addNamed ">=5.0.0 <5.1.0" is a valid semver range for glob
244 silly addNameRange { name: 'glob', range: '>=5.0.0 <5.1.0', hasData: false }
245 silly mapToRegistry name glob
246 silly mapToRegistry using default registry
247 silly mapToRegistry registry https://registry.npmjs.org/
248 silly mapToRegistry data Result {
248 silly mapToRegistry   raw: 'glob',
248 silly mapToRegistry   scope: null,
248 silly mapToRegistry   escapedName: 'glob',
248 silly mapToRegistry   name: 'glob',
248 silly mapToRegistry   rawSpec: '',
248 silly mapToRegistry   spec: 'latest',
248 silly mapToRegistry   type: 'tag' }
249 silly mapToRegistry uri https://registry.npmjs.org/glob
250 verbose addNameRange registry:https://registry.npmjs.org/glob not in flight; fetching
251 verbose get https://registry.npmjs.org/glob not expired, no request
252 silly addNameRange number 2 { name: 'glob', range: '>=5.0.0 <5.1.0', hasData: true }
253 silly addNameRange versions [ 'glob',
253 silly addNameRange   [ '1.1.0',
253 silly addNameRange     '2.0.9',
253 silly addNameRange     '2.0.8',
253 silly addNameRange     '2.0.7',
253 silly addNameRange     '2.1.0',
253 silly addNameRange     '3.0.0',
253 silly addNameRange     '3.0.1',
253 silly addNameRange     '3.1.0',
253 silly addNameRange     '3.1.1',
253 silly addNameRange     '3.1.2',
253 silly addNameRange     '3.1.3',
253 silly addNameRange     '3.1.4',
253 silly addNameRange     '3.1.5',
253 silly addNameRange     '3.1.6',
253 silly addNameRange     '3.1.7',
253 silly addNameRange     '3.1.9',
253 silly addNameRange     '3.1.10',
253 silly addNameRange     '3.1.11',
253 silly addNameRange     '3.1.12',
253 silly addNameRange     '3.1.13',
253 silly addNameRange     '3.1.14',
253 silly addNameRange     '3.1.15',
253 silly addNameRange     '3.1.16',
253 silly addNameRange     '3.1.17',
253 silly addNameRange     '3.1.18',
253 silly addNameRange     '3.1.19',
253 silly addNameRange     '3.1.20',
253 silly addNameRange     '3.1.21',
253 silly addNameRange     '3.2.0',
253 silly addNameRange     '3.2.1',
253 silly addNameRange     '3.2.3',
253 silly addNameRange     '3.2.4',
253 silly addNameRange     '3.2.5',
253 silly addNameRange     '3.2.6',
253 silly addNameRange     '3.2.7',
253 silly addNameRange     '3.2.8',
253 silly addNameRange     '3.2.9',
253 silly addNameRange     '3.2.10',
253 silly addNameRange     '3.2.11',
253 silly addNameRange     '4.0.0',
253 silly addNameRange     '4.0.1',
253 silly addNameRange     '4.0.2',
253 silly addNameRange     '4.0.3',
253 silly addNameRange     '4.0.4',
253 silly addNameRange     '4.0.5',
253 silly addNameRange     '4.0.6',
253 silly addNameRange     '4.1.2-beta',
253 silly addNameRange     '4.1.2',
253 silly addNameRange     '4.1.3',
253 silly addNameRange     '4.1.4',
253 silly addNameRange     '4.1.5',
253 silly addNameRange     '4.1.6',
253 silly addNameRange     '4.2.0',
253 silly addNameRange     '4.2.1',
253 silly addNameRange     '4.2.2',
253 silly addNameRange     '4.3.0',
253 silly addNameRange     '4.3.1',
253 silly addNameRange     '4.3.2',
253 silly addNameRange     '4.3.3',
253 silly addNameRange     '4.3.4',
253 silly addNameRange     '4.3.5',
253 silly addNameRange     '4.4.0',
253 silly addNameRange     '4.4.2',
253 silly addNameRange     '4.5.0',
253 silly addNameRange     '5.0.0',
253 silly addNameRange     '4.5.1',
253 silly addNameRange     '5.0.1',
253 silly addNameRange     '4.5.2',
253 silly addNameRange     '5.0.2',
253 silly addNameRange     '4.5.3',
253 silly addNameRange     '5.0.3',
253 silly addNameRange     '5.0.4',
253 silly addNameRange     '5.0.5',
253 silly addNameRange     '5.0.6',
253 silly addNameRange     '5.0.7',
253 silly addNameRange     '5.0.9',
253 silly addNameRange     '5.0.10',
253 silly addNameRange     '5.0.11',
253 silly addNameRange     '5.0.12',
253 silly addNameRange     '5.0.13',
253 silly addNameRange     '5.0.14',
253 silly addNameRange     '5.0.15',
253 silly addNameRange     '6.0.1',
253 silly addNameRange     '6.0.2',
253 silly addNameRange     '6.0.3',
253 silly addNameRange     '6.0.4',
253 silly addNameRange     '7.0.0',
253 silly addNameRange     '7.0.1',
253 silly addNameRange     '7.0.3',
253 silly addNameRange     '7.0.4',
253 silly addNameRange     '7.0.5',
253 silly addNameRange     '7.0.6',
253 silly addNameRange     '7.1.0',
253 silly addNameRange     '7.1.1' ] ]
254 silly addNamed glob@5.0.15
255 verbose addNamed "5.0.15" is a plain semver version for glob
256 silly cache afterAdd glob@5.0.15
257 verbose afterAdd /Users/yueyue/.npm/glob/5.0.15/package/package.json not in flight; writing
258 verbose correctMkdir /Users/yueyue/.npm correctMkdir not in flight; initializing
259 verbose afterAdd /Users/yueyue/.npm/glob/5.0.15/package/package.json written
260 silly fetchNamedPackageData inflight
261 silly mapToRegistry name inflight
262 silly mapToRegistry using default registry
263 silly mapToRegistry registry https://registry.npmjs.org/
264 silly mapToRegistry data Result {
264 silly mapToRegistry   raw: 'inflight',
264 silly mapToRegistry   scope: null,
264 silly mapToRegistry   escapedName: 'inflight',
264 silly mapToRegistry   name: 'inflight',
264 silly mapToRegistry   rawSpec: '',
264 silly mapToRegistry   spec: 'latest',
264 silly mapToRegistry   type: 'tag' }
265 silly mapToRegistry uri https://registry.npmjs.org/inflight
266 silly fetchNamedPackageData inherits
267 silly mapToRegistry name inherits
268 silly mapToRegistry using default registry
269 silly mapToRegistry registry https://registry.npmjs.org/
270 silly mapToRegistry data Result {
270 silly mapToRegistry   raw: 'inherits',
270 silly mapToRegistry   scope: null,
270 silly mapToRegistry   escapedName: 'inherits',
270 silly mapToRegistry   name: 'inherits',
270 silly mapToRegistry   rawSpec: '',
270 silly mapToRegistry   spec: 'latest',
270 silly mapToRegistry   type: 'tag' }
271 silly mapToRegistry uri https://registry.npmjs.org/inherits
272 silly fetchNamedPackageData minimatch
273 silly mapToRegistry name minimatch
274 silly mapToRegistry using default registry
275 silly mapToRegistry registry https://registry.npmjs.org/
276 silly mapToRegistry data Result {
276 silly mapToRegistry   raw: 'minimatch',
276 silly mapToRegistry   scope: null,
276 silly mapToRegistry   escapedName: 'minimatch',
276 silly mapToRegistry   name: 'minimatch',
276 silly mapToRegistry   rawSpec: '',
276 silly mapToRegistry   spec: 'latest',
276 silly mapToRegistry   type: 'tag' }
277 silly mapToRegistry uri https://registry.npmjs.org/minimatch
278 silly fetchNamedPackageData once
279 silly mapToRegistry name once
280 silly mapToRegistry using default registry
281 silly mapToRegistry registry https://registry.npmjs.org/
282 silly mapToRegistry data Result {
282 silly mapToRegistry   raw: 'once',
282 silly mapToRegistry   scope: null,
282 silly mapToRegistry   escapedName: 'once',
282 silly mapToRegistry   name: 'once',
282 silly mapToRegistry   rawSpec: '',
282 silly mapToRegistry   spec: 'latest',
282 silly mapToRegistry   type: 'tag' }
283 silly mapToRegistry uri https://registry.npmjs.org/once
284 silly fetchNamedPackageData path-is-absolute
285 silly mapToRegistry name path-is-absolute
286 silly mapToRegistry using default registry
287 silly mapToRegistry registry https://registry.npmjs.org/
288 silly mapToRegistry data Result {
288 silly mapToRegistry   raw: 'path-is-absolute',
288 silly mapToRegistry   scope: null,
288 silly mapToRegistry   escapedName: 'path-is-absolute',
288 silly mapToRegistry   name: 'path-is-absolute',
288 silly mapToRegistry   rawSpec: '',
288 silly mapToRegistry   spec: 'latest',
288 silly mapToRegistry   type: 'tag' }
289 silly mapToRegistry uri https://registry.npmjs.org/path-is-absolute
290 verbose request uri https://registry.npmjs.org/inflight
291 verbose request no auth needed
292 info attempt registry request try #1 at 8:58:18 PM
293 verbose etag W/"5818d131-25a6"
294 verbose lastModified Tue, 01 Nov 2016 17:30:25 GMT
295 http request GET https://registry.npmjs.org/inflight
296 verbose request uri https://registry.npmjs.org/inherits
297 verbose request no auth needed
298 info attempt registry request try #1 at 8:58:18 PM
299 verbose etag W/"584f5bc9-222c"
300 verbose lastModified Tue, 13 Dec 2016 02:24:09 GMT
301 http request GET https://registry.npmjs.org/inherits
302 verbose request uri https://registry.npmjs.org/once
303 verbose request no auth needed
304 info attempt registry request try #1 at 8:58:18 PM
305 verbose etag W/"58497789-25a3"
306 verbose lastModified Thu, 08 Dec 2016 15:08:57 GMT
307 http request GET https://registry.npmjs.org/once
308 verbose request uri https://registry.npmjs.org/minimatch
309 verbose request no auth needed
310 info attempt registry request try #1 at 8:58:18 PM
311 verbose etag W/"5853e554-cbcb"
312 verbose lastModified Fri, 16 Dec 2016 13:00:04 GMT
313 http request GET https://registry.npmjs.org/minimatch
314 verbose request uri https://registry.npmjs.org/path-is-absolute
315 verbose request no auth needed
316 info attempt registry request try #1 at 8:58:18 PM
317 verbose etag W/"5818d860-1312"
318 verbose lastModified Tue, 01 Nov 2016 18:01:04 GMT
319 http request GET https://registry.npmjs.org/path-is-absolute
320 http 304 https://registry.npmjs.org/inflight
321 verbose headers { date: 'Tue, 20 Dec 2016 12:58:03 GMT',
321 verbose headers   via: '1.1 varnish',
321 verbose headers   'cache-control': 'max-age=300',
321 verbose headers   etag: 'W/"5818d131-25a6"',
321 verbose headers   age: '121',
321 verbose headers   connection: 'keep-alive',
321 verbose headers   'x-served-by': 'cache-itm7423-ITM',
321 verbose headers   'x-cache': 'HIT',
321 verbose headers   'x-cache-hits': '2',
321 verbose headers   'x-timer': 'S1482238683.253016,VS0,VE0',
321 verbose headers   vary: 'Accept-Encoding' }
322 silly get cb [ 304,
322 silly get   { date: 'Tue, 20 Dec 2016 12:58:03 GMT',
322 silly get     via: '1.1 varnish',
322 silly get     'cache-control': 'max-age=300',
322 silly get     etag: 'W/"5818d131-25a6"',
322 silly get     age: '121',
322 silly get     connection: 'keep-alive',
322 silly get     'x-served-by': 'cache-itm7423-ITM',
322 silly get     'x-cache': 'HIT',
322 silly get     'x-cache-hits': '2',
322 silly get     'x-timer': 'S1482238683.253016,VS0,VE0',
322 silly get     vary: 'Accept-Encoding' } ]
323 verbose etag https://registry.npmjs.org/inflight from cache
324 verbose get saving inflight to /Users/yueyue/.npm/registry.npmjs.org/inflight/.cache.json
325 verbose correctMkdir /Users/yueyue/.npm correctMkdir not in flight; initializing
326 silly resolveWithNewModule inflight@1.0.6 checking installable status
327 silly cache add args [ 'inflight@^1.0.4', null ]
328 verbose cache add spec inflight@^1.0.4
329 silly cache add parsed spec Result {
329 silly cache add   raw: 'inflight@^1.0.4',
329 silly cache add   scope: null,
329 silly cache add   escapedName: 'inflight',
329 silly cache add   name: 'inflight',
329 silly cache add   rawSpec: '^1.0.4',
329 silly cache add   spec: '>=1.0.4 <2.0.0',
329 silly cache add   type: 'range' }
330 silly addNamed inflight@>=1.0.4 <2.0.0
331 verbose addNamed ">=1.0.4 <2.0.0" is a valid semver range for inflight
332 silly addNameRange { name: 'inflight', range: '>=1.0.4 <2.0.0', hasData: false }
333 silly mapToRegistry name inflight
334 silly mapToRegistry using default registry
335 silly mapToRegistry registry https://registry.npmjs.org/
336 silly mapToRegistry data Result {
336 silly mapToRegistry   raw: 'inflight',
336 silly mapToRegistry   scope: null,
336 silly mapToRegistry   escapedName: 'inflight',
336 silly mapToRegistry   name: 'inflight',
336 silly mapToRegistry   rawSpec: '',
336 silly mapToRegistry   spec: 'latest',
336 silly mapToRegistry   type: 'tag' }
337 silly mapToRegistry uri https://registry.npmjs.org/inflight
338 verbose addNameRange registry:https://registry.npmjs.org/inflight not in flight; fetching
339 verbose get https://registry.npmjs.org/inflight not expired, no request
340 silly addNameRange number 2 { name: 'inflight', range: '>=1.0.4 <2.0.0', hasData: true }
341 silly addNameRange versions [ 'inflight',
341 silly addNameRange   [ '1.0.0', '1.0.1', '1.0.2', '1.0.3', '1.0.4', '1.0.5', '1.0.6' ] ]
342 silly addNamed inflight@1.0.6
343 verbose addNamed "1.0.6" is a plain semver version for inflight
344 silly cache afterAdd inflight@1.0.6
345 verbose afterAdd /Users/yueyue/.npm/inflight/1.0.6/package/package.json not in flight; writing
346 verbose correctMkdir /Users/yueyue/.npm correctMkdir not in flight; initializing
347 verbose afterAdd /Users/yueyue/.npm/inflight/1.0.6/package/package.json written
348 http 304 https://registry.npmjs.org/once
349 verbose headers { date: 'Tue, 20 Dec 2016 12:58:03 GMT',
349 verbose headers   via: '1.1 varnish',
349 verbose headers   'cache-control': 'max-age=300',
349 verbose headers   etag: 'W/"58497789-25a3"',
349 verbose headers   age: '59',
349 verbose headers   connection: 'keep-alive',
349 verbose headers   'x-served-by': 'cache-itm7422-ITM',
349 verbose headers   'x-cache': 'HIT',
349 verbose headers   'x-cache-hits': '3',
349 verbose headers   'x-timer': 'S1482238683.258480,VS0,VE0',
349 verbose headers   vary: 'Accept-Encoding' }
350 silly get cb [ 304,
350 silly get   { date: 'Tue, 20 Dec 2016 12:58:03 GMT',
350 silly get     via: '1.1 varnish',
350 silly get     'cache-control': 'max-age=300',
350 silly get     etag: 'W/"58497789-25a3"',
350 silly get     age: '59',
350 silly get     connection: 'keep-alive',
350 silly get     'x-served-by': 'cache-itm7422-ITM',
350 silly get     'x-cache': 'HIT',
350 silly get     'x-cache-hits': '3',
350 silly get     'x-timer': 'S1482238683.258480,VS0,VE0',
350 silly get     vary: 'Accept-Encoding' } ]
351 verbose etag https://registry.npmjs.org/once from cache
352 verbose get saving once to /Users/yueyue/.npm/registry.npmjs.org/once/.cache.json
353 verbose correctMkdir /Users/yueyue/.npm correctMkdir not in flight; initializing
354 silly resolveWithNewModule once@1.4.0 checking installable status
355 silly cache add args [ 'once@^1.3.0', null ]
356 verbose cache add spec once@^1.3.0
357 silly cache add parsed spec Result {
357 silly cache add   raw: 'once@^1.3.0',
357 silly cache add   scope: null,
357 silly cache add   escapedName: 'once',
357 silly cache add   name: 'once',
357 silly cache add   rawSpec: '^1.3.0',
357 silly cache add   spec: '>=1.3.0 <2.0.0',
357 silly cache add   type: 'range' }
358 silly addNamed once@>=1.3.0 <2.0.0
359 verbose addNamed ">=1.3.0 <2.0.0" is a valid semver range for once
360 silly addNameRange { name: 'once', range: '>=1.3.0 <2.0.0', hasData: false }
361 silly mapToRegistry name once
362 silly mapToRegistry using default registry
363 silly mapToRegistry registry https://registry.npmjs.org/
364 silly mapToRegistry data Result {
364 silly mapToRegistry   raw: 'once',
364 silly mapToRegistry   scope: null,
364 silly mapToRegistry   escapedName: 'once',
364 silly mapToRegistry   name: 'once',
364 silly mapToRegistry   rawSpec: '',
364 silly mapToRegistry   spec: 'latest',
364 silly mapToRegistry   type: 'tag' }
365 silly mapToRegistry uri https://registry.npmjs.org/once
366 verbose addNameRange registry:https://registry.npmjs.org/once not in flight; fetching
367 verbose get https://registry.npmjs.org/once not expired, no request
368 silly addNameRange number 2 { name: 'once', range: '>=1.3.0 <2.0.0', hasData: true }
369 silly addNameRange versions [ 'once',
369 silly addNameRange   [ '1.1.1', '1.2.0', '1.3.0', '1.3.1', '1.3.2', '1.3.3', '1.4.0' ] ]
370 silly addNamed once@1.4.0
371 verbose addNamed "1.4.0" is a plain semver version for once
372 silly cache afterAdd once@1.4.0
373 verbose afterAdd /Users/yueyue/.npm/once/1.4.0/package/package.json not in flight; writing
374 verbose correctMkdir /Users/yueyue/.npm correctMkdir not in flight; initializing
375 verbose afterAdd /Users/yueyue/.npm/once/1.4.0/package/package.json written
376 http 304 https://registry.npmjs.org/inherits
377 verbose headers { date: 'Tue, 20 Dec 2016 12:58:03 GMT',
377 verbose headers   via: '1.1 varnish',
377 verbose headers   'cache-control': 'max-age=300',
377 verbose headers   etag: 'W/"584f5bc9-222c"',
377 verbose headers   age: '69',
377 verbose headers   connection: 'keep-alive',
377 verbose headers   'x-served-by': 'cache-itm7426-ITM',
377 verbose headers   'x-cache': 'HIT',
377 verbose headers   'x-cache-hits': '5',
377 verbose headers   'x-timer': 'S1482238683.282269,VS0,VE0',
377 verbose headers   vary: 'Accept-Encoding' }
378 silly get cb [ 304,
378 silly get   { date: 'Tue, 20 Dec 2016 12:58:03 GMT',
378 silly get     via: '1.1 varnish',
378 silly get     'cache-control': 'max-age=300',
378 silly get     etag: 'W/"584f5bc9-222c"',
378 silly get     age: '69',
378 silly get     connection: 'keep-alive',
378 silly get     'x-served-by': 'cache-itm7426-ITM',
378 silly get     'x-cache': 'HIT',
378 silly get     'x-cache-hits': '5',
378 silly get     'x-timer': 'S1482238683.282269,VS0,VE0',
378 silly get     vary: 'Accept-Encoding' } ]
379 verbose etag https://registry.npmjs.org/inherits from cache
380 verbose get saving inherits to /Users/yueyue/.npm/registry.npmjs.org/inherits/.cache.json
381 verbose correctMkdir /Users/yueyue/.npm correctMkdir not in flight; initializing
382 silly resolveWithNewModule inherits@2.0.3 checking installable status
383 silly cache add args [ 'inherits@2', null ]
384 verbose cache add spec inherits@2
385 silly cache add parsed spec Result {
385 silly cache add   raw: 'inherits@2',
385 silly cache add   scope: null,
385 silly cache add   escapedName: 'inherits',
385 silly cache add   name: 'inherits',
385 silly cache add   rawSpec: '2',
385 silly cache add   spec: '>=2.0.0 <3.0.0',
385 silly cache add   type: 'range' }
386 silly addNamed inherits@>=2.0.0 <3.0.0
387 verbose addNamed ">=2.0.0 <3.0.0" is a valid semver range for inherits
388 silly addNameRange { name: 'inherits', range: '>=2.0.0 <3.0.0', hasData: false }
389 silly mapToRegistry name inherits
390 silly mapToRegistry using default registry
391 silly mapToRegistry registry https://registry.npmjs.org/
392 silly mapToRegistry data Result {
392 silly mapToRegistry   raw: 'inherits',
392 silly mapToRegistry   scope: null,
392 silly mapToRegistry   escapedName: 'inherits',
392 silly mapToRegistry   name: 'inherits',
392 silly mapToRegistry   rawSpec: '',
392 silly mapToRegistry   spec: 'latest',
392 silly mapToRegistry   type: 'tag' }
393 silly mapToRegistry uri https://registry.npmjs.org/inherits
394 verbose addNameRange registry:https://registry.npmjs.org/inherits not in flight; fetching
395 verbose get https://registry.npmjs.org/inherits not expired, no request
396 silly addNameRange number 2 { name: 'inherits', range: '>=2.0.0 <3.0.0', hasData: true }
397 silly addNameRange versions [ 'inherits',
397 silly addNameRange   [ '1.0.0', '2.0.0', '2.0.1', '1.0.1', '1.0.2', '2.0.3' ] ]
398 silly addNamed inherits@2.0.3
399 verbose addNamed "2.0.3" is a plain semver version for inherits
400 silly cache afterAdd inherits@2.0.3
401 verbose afterAdd /Users/yueyue/.npm/inherits/2.0.3/package/package.json not in flight; writing
402 verbose correctMkdir /Users/yueyue/.npm correctMkdir not in flight; initializing
403 verbose afterAdd /Users/yueyue/.npm/inherits/2.0.3/package/package.json written
404 http 304 https://registry.npmjs.org/minimatch
405 verbose headers { date: 'Tue, 20 Dec 2016 12:58:03 GMT',
405 verbose headers   via: '1.1 varnish',
405 verbose headers   'cache-control': 'max-age=300',
405 verbose headers   etag: 'W/"5853e554-cbcb"',
405 verbose headers   age: '117',
405 verbose headers   connection: 'keep-alive',
405 verbose headers   'x-served-by': 'cache-itm7421-ITM',
405 verbose headers   'x-cache': 'HIT',
405 verbose headers   'x-cache-hits': '4',
405 verbose headers   'x-timer': 'S1482238683.284883,VS0,VE0',
405 verbose headers   vary: 'Accept-Encoding' }
406 silly get cb [ 304,
406 silly get   { date: 'Tue, 20 Dec 2016 12:58:03 GMT',
406 silly get     via: '1.1 varnish',
406 silly get     'cache-control': 'max-age=300',
406 silly get     etag: 'W/"5853e554-cbcb"',
406 silly get     age: '117',
406 silly get     connection: 'keep-alive',
406 silly get     'x-served-by': 'cache-itm7421-ITM',
406 silly get     'x-cache': 'HIT',
406 silly get     'x-cache-hits': '4',
406 silly get     'x-timer': 'S1482238683.284883,VS0,VE0',
406 silly get     vary: 'Accept-Encoding' } ]
407 verbose etag https://registry.npmjs.org/minimatch from cache
408 verbose get saving minimatch to /Users/yueyue/.npm/registry.npmjs.org/minimatch/.cache.json
409 verbose correctMkdir /Users/yueyue/.npm correctMkdir not in flight; initializing
410 silly resolveWithNewModule minimatch@3.0.3 checking installable status
411 silly cache add args [ 'minimatch@2 || 3', null ]
412 verbose cache add spec minimatch@2 || 3
413 silly cache add parsed spec Result {
413 silly cache add   raw: 'minimatch@2 || 3',
413 silly cache add   scope: null,
413 silly cache add   escapedName: 'minimatch',
413 silly cache add   name: 'minimatch',
413 silly cache add   rawSpec: '2 || 3',
413 silly cache add   spec: '>=2.0.0 <3.0.0||>=3.0.0 <4.0.0',
413 silly cache add   type: 'range' }
414 silly addNamed minimatch@>=2.0.0 <3.0.0||>=3.0.0 <4.0.0
415 verbose addNamed ">=2.0.0 <3.0.0||>=3.0.0 <4.0.0" is a valid semver range for minimatch
416 silly addNameRange { name: 'minimatch',
416 silly addNameRange   range: '>=2.0.0 <3.0.0||>=3.0.0 <4.0.0',
416 silly addNameRange   hasData: false }
417 silly mapToRegistry name minimatch
418 silly mapToRegistry using default registry
419 silly mapToRegistry registry https://registry.npmjs.org/
420 silly mapToRegistry data Result {
420 silly mapToRegistry   raw: 'minimatch',
420 silly mapToRegistry   scope: null,
420 silly mapToRegistry   escapedName: 'minimatch',
420 silly mapToRegistry   name: 'minimatch',
420 silly mapToRegistry   rawSpec: '',
420 silly mapToRegistry   spec: 'latest',
420 silly mapToRegistry   type: 'tag' }
421 silly mapToRegistry uri https://registry.npmjs.org/minimatch
422 verbose addNameRange registry:https://registry.npmjs.org/minimatch not in flight; fetching
423 verbose get https://registry.npmjs.org/minimatch not expired, no request
424 silly addNameRange number 2 { name: 'minimatch',
424 silly addNameRange   range: '>=2.0.0 <3.0.0||>=3.0.0 <4.0.0',
424 silly addNameRange   hasData: true }
425 silly addNameRange versions [ 'minimatch',
425 silly addNameRange   [ '0.0.1',
425 silly addNameRange     '0.0.2',
425 silly addNameRange     '0.0.4',
425 silly addNameRange     '0.0.5',
425 silly addNameRange     '0.1.1',
425 silly addNameRange     '0.1.2',
425 silly addNameRange     '0.1.3',
425 silly addNameRange     '0.1.4',
425 silly addNameRange     '0.1.5',
425 silly addNameRange     '0.2.0',
425 silly addNameRange     '0.2.2',
425 silly addNameRange     '0.2.3',
425 silly addNameRange     '0.2.4',
425 silly addNameRange     '0.2.5',
425 silly addNameRange     '0.2.6',
425 silly addNameRange     '0.2.7',
425 silly addNameRange     '0.2.8',
425 silly addNameRange     '0.2.9',
425 silly addNameRange     '0.2.10',
425 silly addNameRange     '0.2.11',
425 silly addNameRange     '0.2.12',
425 silly addNameRange     '0.2.13',
425 silly addNameRange     '0.2.14',
425 silly addNameRange     '0.3.0',
425 silly addNameRange     '0.4.0',
425 silly addNameRange     '1.0.0',
425 silly addNameRange     '2.0.0',
425 silly addNameRange     '2.0.1',
425 silly addNameRange     '2.0.2',
425 silly addNameRange     '2.0.3',
425 silly addNameRange     '2.0.4',
425 silly addNameRange     '2.0.5',
425 silly addNameRange     '2.0.6',
425 silly addNameRange     '2.0.7',
425 silly addNameRange     '2.0.8',
425 silly addNameRange     '2.0.9',
425 silly addNameRange     '2.0.10',
425 silly addNameRange     '3.0.0',
425 silly addNameRange     '3.0.2',
425 silly addNameRange     '3.0.3' ] ]
426 silly addNamed minimatch@3.0.3
427 verbose addNamed "3.0.3" is a plain semver version for minimatch
428 silly cache afterAdd minimatch@3.0.3
429 verbose afterAdd /Users/yueyue/.npm/minimatch/3.0.3/package/package.json not in flight; writing
430 verbose correctMkdir /Users/yueyue/.npm correctMkdir not in flight; initializing
431 verbose afterAdd /Users/yueyue/.npm/minimatch/3.0.3/package/package.json written
432 http 304 https://registry.npmjs.org/path-is-absolute
433 verbose headers { date: 'Tue, 20 Dec 2016 12:58:08 GMT',
433 verbose headers   via: '1.1 varnish',
433 verbose headers   'cache-control': 'max-age=300',
433 verbose headers   etag: 'W/"5818d860-1312"',
433 verbose headers   age: '139',
433 verbose headers   connection: 'keep-alive',
433 verbose headers   'x-served-by': 'cache-itm7423-ITM',
433 verbose headers   'x-cache': 'HIT',
433 verbose headers   'x-cache-hits': '5',
433 verbose headers   'x-timer': 'S1482238688.391024,VS0,VE0',
433 verbose headers   vary: 'Accept-Encoding' }
434 silly get cb [ 304,
434 silly get   { date: 'Tue, 20 Dec 2016 12:58:08 GMT',
434 silly get     via: '1.1 varnish',
434 silly get     'cache-control': 'max-age=300',
434 silly get     etag: 'W/"5818d860-1312"',
434 silly get     age: '139',
434 silly get     connection: 'keep-alive',
434 silly get     'x-served-by': 'cache-itm7423-ITM',
434 silly get     'x-cache': 'HIT',
434 silly get     'x-cache-hits': '5',
434 silly get     'x-timer': 'S1482238688.391024,VS0,VE0',
434 silly get     vary: 'Accept-Encoding' } ]
435 verbose etag https://registry.npmjs.org/path-is-absolute from cache
436 verbose get saving path-is-absolute to /Users/yueyue/.npm/registry.npmjs.org/path-is-absolute/.cache.json
437 verbose correctMkdir /Users/yueyue/.npm correctMkdir not in flight; initializing
438 silly resolveWithNewModule path-is-absolute@1.0.1 checking installable status
439 silly cache add args [ 'path-is-absolute@^1.0.0', null ]
440 verbose cache add spec path-is-absolute@^1.0.0
441 silly cache add parsed spec Result {
441 silly cache add   raw: 'path-is-absolute@^1.0.0',
441 silly cache add   scope: null,
441 silly cache add   escapedName: 'path-is-absolute',
441 silly cache add   name: 'path-is-absolute',
441 silly cache add   rawSpec: '^1.0.0',
441 silly cache add   spec: '>=1.0.0 <2.0.0',
441 silly cache add   type: 'range' }
442 silly addNamed path-is-absolute@>=1.0.0 <2.0.0
443 verbose addNamed ">=1.0.0 <2.0.0" is a valid semver range for path-is-absolute
444 silly addNameRange { name: 'path-is-absolute',
444 silly addNameRange   range: '>=1.0.0 <2.0.0',
444 silly addNameRange   hasData: false }
445 silly mapToRegistry name path-is-absolute
446 silly mapToRegistry using default registry
447 silly mapToRegistry registry https://registry.npmjs.org/
448 silly mapToRegistry data Result {
448 silly mapToRegistry   raw: 'path-is-absolute',
448 silly mapToRegistry   scope: null,
448 silly mapToRegistry   escapedName: 'path-is-absolute',
448 silly mapToRegistry   name: 'path-is-absolute',
448 silly mapToRegistry   rawSpec: '',
448 silly mapToRegistry   spec: 'latest',
448 silly mapToRegistry   type: 'tag' }
449 silly mapToRegistry uri https://registry.npmjs.org/path-is-absolute
450 verbose addNameRange registry:https://registry.npmjs.org/path-is-absolute not in flight; fetching
451 verbose get https://registry.npmjs.org/path-is-absolute not expired, no request
452 silly addNameRange number 2 { name: 'path-is-absolute',
452 silly addNameRange   range: '>=1.0.0 <2.0.0',
452 silly addNameRange   hasData: true }
453 silly addNameRange versions [ 'path-is-absolute', [ '1.0.0', '1.0.1' ] ]
454 silly addNamed path-is-absolute@1.0.1
455 verbose addNamed "1.0.1" is a plain semver version for path-is-absolute
456 silly cache afterAdd path-is-absolute@1.0.1
457 verbose afterAdd /Users/yueyue/.npm/path-is-absolute/1.0.1/package/package.json not in flight; writing
458 verbose correctMkdir /Users/yueyue/.npm correctMkdir not in flight; initializing
459 verbose afterAdd /Users/yueyue/.npm/path-is-absolute/1.0.1/package/package.json written
460 silly fetchNamedPackageData wrappy
461 silly mapToRegistry name wrappy
462 silly mapToRegistry using default registry
463 silly mapToRegistry registry https://registry.npmjs.org/
464 silly mapToRegistry data Result {
464 silly mapToRegistry   raw: 'wrappy',
464 silly mapToRegistry   scope: null,
464 silly mapToRegistry   escapedName: 'wrappy',
464 silly mapToRegistry   name: 'wrappy',
464 silly mapToRegistry   rawSpec: '',
464 silly mapToRegistry   spec: 'latest',
464 silly mapToRegistry   type: 'tag' }
465 silly mapToRegistry uri https://registry.npmjs.org/wrappy
466 verbose request uri https://registry.npmjs.org/wrappy
467 verbose request no auth needed
468 info attempt registry request try #1 at 8:58:23 PM
469 verbose etag W/"5818e387-11a5"
470 verbose lastModified Tue, 01 Nov 2016 18:48:39 GMT
471 http request GET https://registry.npmjs.org/wrappy
472 http 304 https://registry.npmjs.org/wrappy
473 verbose headers { date: 'Tue, 20 Dec 2016 12:58:08 GMT',
473 verbose headers   via: '1.1 varnish',
473 verbose headers   'cache-control': 'max-age=300',
473 verbose headers   etag: 'W/"5818e387-11a5"',
473 verbose headers   age: '139',
473 verbose headers   connection: 'keep-alive',
473 verbose headers   'x-served-by': 'cache-itm7423-ITM',
473 verbose headers   'x-cache': 'HIT',
473 verbose headers   'x-cache-hits': '2',
473 verbose headers   'x-timer': 'S1482238688.565429,VS0,VE0',
473 verbose headers   vary: 'Accept-Encoding' }
474 silly get cb [ 304,
474 silly get   { date: 'Tue, 20 Dec 2016 12:58:08 GMT',
474 silly get     via: '1.1 varnish',
474 silly get     'cache-control': 'max-age=300',
474 silly get     etag: 'W/"5818e387-11a5"',
474 silly get     age: '139',
474 silly get     connection: 'keep-alive',
474 silly get     'x-served-by': 'cache-itm7423-ITM',
474 silly get     'x-cache': 'HIT',
474 silly get     'x-cache-hits': '2',
474 silly get     'x-timer': 'S1482238688.565429,VS0,VE0',
474 silly get     vary: 'Accept-Encoding' } ]
475 verbose etag https://registry.npmjs.org/wrappy from cache
476 verbose get saving wrappy to /Users/yueyue/.npm/registry.npmjs.org/wrappy/.cache.json
477 verbose correctMkdir /Users/yueyue/.npm correctMkdir not in flight; initializing
478 silly resolveWithNewModule wrappy@1.0.2 checking installable status
479 silly cache add args [ 'wrappy@1', null ]
480 verbose cache add spec wrappy@1
481 silly cache add parsed spec Result {
481 silly cache add   raw: 'wrappy@1',
481 silly cache add   scope: null,
481 silly cache add   escapedName: 'wrappy',
481 silly cache add   name: 'wrappy',
481 silly cache add   rawSpec: '1',
481 silly cache add   spec: '>=1.0.0 <2.0.0',
481 silly cache add   type: 'range' }
482 silly addNamed wrappy@>=1.0.0 <2.0.0
483 verbose addNamed ">=1.0.0 <2.0.0" is a valid semver range for wrappy
484 silly addNameRange { name: 'wrappy', range: '>=1.0.0 <2.0.0', hasData: false }
485 silly mapToRegistry name wrappy
486 silly mapToRegistry using default registry
487 silly mapToRegistry registry https://registry.npmjs.org/
488 silly mapToRegistry data Result {
488 silly mapToRegistry   raw: 'wrappy',
488 silly mapToRegistry   scope: null,
488 silly mapToRegistry   escapedName: 'wrappy',
488 silly mapToRegistry   name: 'wrappy',
488 silly mapToRegistry   rawSpec: '',
488 silly mapToRegistry   spec: 'latest',
488 silly mapToRegistry   type: 'tag' }
489 silly mapToRegistry uri https://registry.npmjs.org/wrappy
490 verbose addNameRange registry:https://registry.npmjs.org/wrappy not in flight; fetching
491 verbose get https://registry.npmjs.org/wrappy not expired, no request
492 silly addNameRange number 2 { name: 'wrappy', range: '>=1.0.0 <2.0.0', hasData: true }
493 silly addNameRange versions [ 'wrappy', [ '1.0.0', '1.0.1', '1.0.2' ] ]
494 silly addNamed wrappy@1.0.2
495 verbose addNamed "1.0.2" is a plain semver version for wrappy
496 silly cache afterAdd wrappy@1.0.2
497 verbose afterAdd /Users/yueyue/.npm/wrappy/1.0.2/package/package.json not in flight; writing
498 verbose correctMkdir /Users/yueyue/.npm correctMkdir not in flight; initializing
499 verbose afterAdd /Users/yueyue/.npm/wrappy/1.0.2/package/package.json written
500 silly fetchNamedPackageData brace-expansion
501 silly mapToRegistry name brace-expansion
502 silly mapToRegistry using default registry
503 silly mapToRegistry registry https://registry.npmjs.org/
504 silly mapToRegistry data Result {
504 silly mapToRegistry   raw: 'brace-expansion',
504 silly mapToRegistry   scope: null,
504 silly mapToRegistry   escapedName: 'brace-expansion',
504 silly mapToRegistry   name: 'brace-expansion',
504 silly mapToRegistry   rawSpec: '',
504 silly mapToRegistry   spec: 'latest',
504 silly mapToRegistry   type: 'tag' }
505 silly mapToRegistry uri https://registry.npmjs.org/brace-expansion
506 verbose request uri https://registry.npmjs.org/brace-expansion
507 verbose request no auth needed
508 info attempt registry request try #1 at 8:58:23 PM
509 verbose etag W/"57f1e446-4bb6"
510 verbose lastModified Mon, 03 Oct 2016 04:53:26 GMT
511 http request GET https://registry.npmjs.org/brace-expansion
512 http 304 https://registry.npmjs.org/brace-expansion
513 verbose headers { date: 'Tue, 20 Dec 2016 12:58:08 GMT',
513 verbose headers   via: '1.1 varnish',
513 verbose headers   'cache-control': 'max-age=300',
513 verbose headers   etag: 'W/"57f1e446-4bb6"',
513 verbose headers   age: '199',
513 verbose headers   connection: 'keep-alive',
513 verbose headers   'x-served-by': 'cache-itm7422-ITM',
513 verbose headers   'x-cache': 'HIT',
513 verbose headers   'x-cache-hits': '153',
513 verbose headers   'x-timer': 'S1482238688.700437,VS0,VE0',
513 verbose headers   vary: 'Accept-Encoding' }
514 silly get cb [ 304,
514 silly get   { date: 'Tue, 20 Dec 2016 12:58:08 GMT',
514 silly get     via: '1.1 varnish',
514 silly get     'cache-control': 'max-age=300',
514 silly get     etag: 'W/"57f1e446-4bb6"',
514 silly get     age: '199',
514 silly get     connection: 'keep-alive',
514 silly get     'x-served-by': 'cache-itm7422-ITM',
514 silly get     'x-cache': 'HIT',
514 silly get     'x-cache-hits': '153',
514 silly get     'x-timer': 'S1482238688.700437,VS0,VE0',
514 silly get     vary: 'Accept-Encoding' } ]
515 verbose etag https://registry.npmjs.org/brace-expansion from cache
516 verbose get saving brace-expansion to /Users/yueyue/.npm/registry.npmjs.org/brace-expansion/.cache.json
517 verbose correctMkdir /Users/yueyue/.npm correctMkdir not in flight; initializing
518 silly resolveWithNewModule brace-expansion@1.1.6 checking installable status
519 silly cache add args [ 'brace-expansion@^1.0.0', null ]
520 verbose cache add spec brace-expansion@^1.0.0
521 silly cache add parsed spec Result {
521 silly cache add   raw: 'brace-expansion@^1.0.0',
521 silly cache add   scope: null,
521 silly cache add   escapedName: 'brace-expansion',
521 silly cache add   name: 'brace-expansion',
521 silly cache add   rawSpec: '^1.0.0',
521 silly cache add   spec: '>=1.0.0 <2.0.0',
521 silly cache add   type: 'range' }
522 silly addNamed brace-expansion@>=1.0.0 <2.0.0
523 verbose addNamed ">=1.0.0 <2.0.0" is a valid semver range for brace-expansion
524 silly addNameRange { name: 'brace-expansion',
524 silly addNameRange   range: '>=1.0.0 <2.0.0',
524 silly addNameRange   hasData: false }
525 silly mapToRegistry name brace-expansion
526 silly mapToRegistry using default registry
527 silly mapToRegistry registry https://registry.npmjs.org/
528 silly mapToRegistry data Result {
528 silly mapToRegistry   raw: 'brace-expansion',
528 silly mapToRegistry   scope: null,
528 silly mapToRegistry   escapedName: 'brace-expansion',
528 silly mapToRegistry   name: 'brace-expansion',
528 silly mapToRegistry   rawSpec: '',
528 silly mapToRegistry   spec: 'latest',
528 silly mapToRegistry   type: 'tag' }
529 silly mapToRegistry uri https://registry.npmjs.org/brace-expansion
530 verbose addNameRange registry:https://registry.npmjs.org/brace-expansion not in flight; fetching
531 verbose get https://registry.npmjs.org/brace-expansion not expired, no request
532 silly addNameRange number 2 { name: 'brace-expansion',
532 silly addNameRange   range: '>=1.0.0 <2.0.0',
532 silly addNameRange   hasData: true }
533 silly addNameRange versions [ 'brace-expansion',
533 silly addNameRange   [ '0.0.0',
533 silly addNameRange     '1.0.0',
533 silly addNameRange     '1.0.1',
533 silly addNameRange     '1.1.0',
533 silly addNameRange     '1.1.1',
533 silly addNameRange     '1.1.2',
533 silly addNameRange     '1.1.3',
533 silly addNameRange     '1.1.4',
533 silly addNameRange     '1.1.5',
533 silly addNameRange     '1.1.6' ] ]
534 silly addNamed brace-expansion@1.1.6
535 verbose addNamed "1.1.6" is a plain semver version for brace-expansion
536 silly cache afterAdd brace-expansion@1.1.6
537 verbose afterAdd /Users/yueyue/.npm/brace-expansion/1.1.6/package/package.json not in flight; writing
538 verbose correctMkdir /Users/yueyue/.npm correctMkdir not in flight; initializing
539 verbose afterAdd /Users/yueyue/.npm/brace-expansion/1.1.6/package/package.json written
540 silly fetchNamedPackageData balanced-match
541 silly mapToRegistry name balanced-match
542 silly mapToRegistry using default registry
543 silly mapToRegistry registry https://registry.npmjs.org/
544 silly mapToRegistry data Result {
544 silly mapToRegistry   raw: 'balanced-match',
544 silly mapToRegistry   scope: null,
544 silly mapToRegistry   escapedName: 'balanced-match',
544 silly mapToRegistry   name: 'balanced-match',
544 silly mapToRegistry   rawSpec: '',
544 silly mapToRegistry   spec: 'latest',
544 silly mapToRegistry   type: 'tag' }
545 silly mapToRegistry uri https://registry.npmjs.org/balanced-match
546 silly fetchNamedPackageData concat-map
547 silly mapToRegistry name concat-map
548 silly mapToRegistry using default registry
549 silly mapToRegistry registry https://registry.npmjs.org/
550 silly mapToRegistry data Result {
550 silly mapToRegistry   raw: 'concat-map',
550 silly mapToRegistry   scope: null,
550 silly mapToRegistry   escapedName: 'concat-map',
550 silly mapToRegistry   name: 'concat-map',
550 silly mapToRegistry   rawSpec: '',
550 silly mapToRegistry   spec: 'latest',
550 silly mapToRegistry   type: 'tag' }
551 silly mapToRegistry uri https://registry.npmjs.org/concat-map
552 verbose request uri https://registry.npmjs.org/balanced-match
553 verbose request no auth needed
554 info attempt registry request try #1 at 8:58:24 PM
555 verbose etag W/"57f03d63-4124"
556 verbose lastModified Sat, 01 Oct 2016 22:49:07 GMT
557 http request GET https://registry.npmjs.org/balanced-match
558 verbose request uri https://registry.npmjs.org/concat-map
559 verbose request no auth needed
560 info attempt registry request try #1 at 8:58:24 PM
561 verbose etag W/"52e9c1bb-f3a"
562 verbose lastModified Thu, 30 Jan 2014 03:06:35 GMT
563 http request GET https://registry.npmjs.org/concat-map
564 http 304 https://registry.npmjs.org/concat-map
565 verbose headers { date: 'Tue, 20 Dec 2016 12:58:10 GMT',
565 verbose headers   via: '1.1 varnish',
565 verbose headers   'cache-control': 'max-age=300',
565 verbose headers   etag: 'W/"52e9c1bb-f3a"',
565 verbose headers   age: '239',
565 verbose headers   connection: 'keep-alive',
565 verbose headers   'x-served-by': 'cache-itm7421-ITM',
565 verbose headers   'x-cache': 'HIT',
565 verbose headers   'x-cache-hits': '2',
565 verbose headers   'x-timer': 'S1482238690.194270,VS0,VE0',
565 verbose headers   vary: 'Accept-Encoding' }
566 silly get cb [ 304,
566 silly get   { date: 'Tue, 20 Dec 2016 12:58:10 GMT',
566 silly get     via: '1.1 varnish',
566 silly get     'cache-control': 'max-age=300',
566 silly get     etag: 'W/"52e9c1bb-f3a"',
566 silly get     age: '239',
566 silly get     connection: 'keep-alive',
566 silly get     'x-served-by': 'cache-itm7421-ITM',
566 silly get     'x-cache': 'HIT',
566 silly get     'x-cache-hits': '2',
566 silly get     'x-timer': 'S1482238690.194270,VS0,VE0',
566 silly get     vary: 'Accept-Encoding' } ]
567 verbose etag https://registry.npmjs.org/concat-map from cache
568 verbose get saving concat-map to /Users/yueyue/.npm/registry.npmjs.org/concat-map/.cache.json
569 verbose correctMkdir /Users/yueyue/.npm correctMkdir not in flight; initializing
570 silly resolveWithNewModule concat-map@0.0.1 checking installable status
571 silly cache add args [ 'concat-map@0.0.1', null ]
572 verbose cache add spec concat-map@0.0.1
573 silly cache add parsed spec Result {
573 silly cache add   raw: 'concat-map@0.0.1',
573 silly cache add   scope: null,
573 silly cache add   escapedName: 'concat-map',
573 silly cache add   name: 'concat-map',
573 silly cache add   rawSpec: '0.0.1',
573 silly cache add   spec: '0.0.1',
573 silly cache add   type: 'version' }
574 silly addNamed concat-map@0.0.1
575 verbose addNamed "0.0.1" is a plain semver version for concat-map
576 silly mapToRegistry name concat-map
577 silly mapToRegistry using default registry
578 silly mapToRegistry registry https://registry.npmjs.org/
579 silly mapToRegistry data Result {
579 silly mapToRegistry   raw: 'concat-map',
579 silly mapToRegistry   scope: null,
579 silly mapToRegistry   escapedName: 'concat-map',
579 silly mapToRegistry   name: 'concat-map',
579 silly mapToRegistry   rawSpec: '',
579 silly mapToRegistry   spec: 'latest',
579 silly mapToRegistry   type: 'tag' }
580 silly mapToRegistry uri https://registry.npmjs.org/concat-map
581 verbose addNameVersion registry:https://registry.npmjs.org/concat-map not in flight; fetching
582 verbose get https://registry.npmjs.org/concat-map not expired, no request
583 silly cache afterAdd concat-map@0.0.1
584 verbose afterAdd /Users/yueyue/.npm/concat-map/0.0.1/package/package.json not in flight; writing
585 verbose correctMkdir /Users/yueyue/.npm correctMkdir not in flight; initializing
586 verbose afterAdd /Users/yueyue/.npm/concat-map/0.0.1/package/package.json written
587 http 304 https://registry.npmjs.org/balanced-match
588 verbose headers { date: 'Tue, 20 Dec 2016 12:58:10 GMT',
588 verbose headers   via: '1.1 varnish',
588 verbose headers   'cache-control': 'max-age=300',
588 verbose headers   etag: 'W/"57f03d63-4124"',
588 verbose headers   age: '284',
588 verbose headers   connection: 'keep-alive',
588 verbose headers   'x-served-by': 'cache-itm7426-ITM',
588 verbose headers   'x-cache': 'HIT',
588 verbose headers   'x-cache-hits': '3',
588 verbose headers   'x-timer': 'S1482238690.179671,VS0,VE0',
588 verbose headers   vary: 'Accept-Encoding' }
589 silly get cb [ 304,
589 silly get   { date: 'Tue, 20 Dec 2016 12:58:10 GMT',
589 silly get     via: '1.1 varnish',
589 silly get     'cache-control': 'max-age=300',
589 silly get     etag: 'W/"57f03d63-4124"',
589 silly get     age: '284',
589 silly get     connection: 'keep-alive',
589 silly get     'x-served-by': 'cache-itm7426-ITM',
589 silly get     'x-cache': 'HIT',
589 silly get     'x-cache-hits': '3',
589 silly get     'x-timer': 'S1482238690.179671,VS0,VE0',
589 silly get     vary: 'Accept-Encoding' } ]
590 verbose etag https://registry.npmjs.org/balanced-match from cache
591 verbose get saving balanced-match to /Users/yueyue/.npm/registry.npmjs.org/balanced-match/.cache.json
592 verbose correctMkdir /Users/yueyue/.npm correctMkdir not in flight; initializing
593 silly resolveWithNewModule balanced-match@0.4.2 checking installable status
594 silly cache add args [ 'balanced-match@^0.4.1', null ]
595 verbose cache add spec balanced-match@^0.4.1
596 silly cache add parsed spec Result {
596 silly cache add   raw: 'balanced-match@^0.4.1',
596 silly cache add   scope: null,
596 silly cache add   escapedName: 'balanced-match',
596 silly cache add   name: 'balanced-match',
596 silly cache add   rawSpec: '^0.4.1',
596 silly cache add   spec: '>=0.4.1 <0.5.0',
596 silly cache add   type: 'range' }
597 silly addNamed balanced-match@>=0.4.1 <0.5.0
598 verbose addNamed ">=0.4.1 <0.5.0" is a valid semver range for balanced-match
599 silly addNameRange { name: 'balanced-match',
599 silly addNameRange   range: '>=0.4.1 <0.5.0',
599 silly addNameRange   hasData: false }
600 silly mapToRegistry name balanced-match
601 silly mapToRegistry using default registry
602 silly mapToRegistry registry https://registry.npmjs.org/
603 silly mapToRegistry data Result {
603 silly mapToRegistry   raw: 'balanced-match',
603 silly mapToRegistry   scope: null,
603 silly mapToRegistry   escapedName: 'balanced-match',
603 silly mapToRegistry   name: 'balanced-match',
603 silly mapToRegistry   rawSpec: '',
603 silly mapToRegistry   spec: 'latest',
603 silly mapToRegistry   type: 'tag' }
604 silly mapToRegistry uri https://registry.npmjs.org/balanced-match
605 verbose addNameRange registry:https://registry.npmjs.org/balanced-match not in flight; fetching
606 verbose get https://registry.npmjs.org/balanced-match not expired, no request
607 silly addNameRange number 2 { name: 'balanced-match',
607 silly addNameRange   range: '>=0.4.1 <0.5.0',
607 silly addNameRange   hasData: true }
608 silly addNameRange versions [ 'balanced-match',
608 silly addNameRange   [ '0.0.0',
608 silly addNameRange     '0.0.1',
608 silly addNameRange     '0.1.0',
608 silly addNameRange     '0.2.0',
608 silly addNameRange     '0.2.1',
608 silly addNameRange     '0.3.0',
608 silly addNameRange     '0.4.0',
608 silly addNameRange     '0.4.1',
608 silly addNameRange     '0.4.2' ] ]
609 silly addNamed balanced-match@0.4.2
610 verbose addNamed "0.4.2" is a plain semver version for balanced-match
611 silly cache afterAdd balanced-match@0.4.2
612 verbose afterAdd /Users/yueyue/.npm/balanced-match/0.4.2/package/package.json not in flight; writing
613 verbose correctMkdir /Users/yueyue/.npm correctMkdir not in flight; initializing
614 verbose afterAdd /Users/yueyue/.npm/balanced-match/0.4.2/package/package.json written
615 silly fetchNamedPackageData abbrev
616 silly mapToRegistry name abbrev
617 silly mapToRegistry using default registry
618 silly mapToRegistry registry https://registry.npmjs.org/
619 silly mapToRegistry data Result {
619 silly mapToRegistry   raw: 'abbrev',
619 silly mapToRegistry   scope: null,
619 silly mapToRegistry   escapedName: 'abbrev',
619 silly mapToRegistry   name: 'abbrev',
619 silly mapToRegistry   rawSpec: '',
619 silly mapToRegistry   spec: 'latest',
619 silly mapToRegistry   type: 'tag' }
620 silly mapToRegistry uri https://registry.npmjs.org/abbrev
621 verbose request uri https://registry.npmjs.org/abbrev
622 verbose request no auth needed
623 info attempt registry request try #1 at 8:58:25 PM
624 verbose etag W/"580d2ad6-19a5"
625 verbose lastModified Sun, 23 Oct 2016 21:25:42 GMT
626 http request GET https://registry.npmjs.org/abbrev
627 http 304 https://registry.npmjs.org/abbrev
628 verbose headers { date: 'Tue, 20 Dec 2016 12:58:10 GMT',
628 verbose headers   via: '1.1 varnish',
628 verbose headers   'cache-control': 'max-age=300',
628 verbose headers   etag: 'W/"580d2ad6-19a5"',
628 verbose headers   age: '114',
628 verbose headers   connection: 'keep-alive',
628 verbose headers   'x-served-by': 'cache-itm7423-ITM',
628 verbose headers   'x-cache': 'HIT',
628 verbose headers   'x-cache-hits': '2',
628 verbose headers   'x-timer': 'S1482238690.366118,VS0,VE0',
628 verbose headers   vary: 'Accept-Encoding' }
629 silly get cb [ 304,
629 silly get   { date: 'Tue, 20 Dec 2016 12:58:10 GMT',
629 silly get     via: '1.1 varnish',
629 silly get     'cache-control': 'max-age=300',
629 silly get     etag: 'W/"580d2ad6-19a5"',
629 silly get     age: '114',
629 silly get     connection: 'keep-alive',
629 silly get     'x-served-by': 'cache-itm7423-ITM',
629 silly get     'x-cache': 'HIT',
629 silly get     'x-cache-hits': '2',
629 silly get     'x-timer': 'S1482238690.366118,VS0,VE0',
629 silly get     vary: 'Accept-Encoding' } ]
630 verbose etag https://registry.npmjs.org/abbrev from cache
631 verbose get saving abbrev to /Users/yueyue/.npm/registry.npmjs.org/abbrev/.cache.json
632 verbose correctMkdir /Users/yueyue/.npm correctMkdir not in flight; initializing
633 silly resolveWithNewModule abbrev@1.0.9 checking installable status
634 silly cache add args [ 'abbrev@1', null ]
635 verbose cache add spec abbrev@1
636 silly cache add parsed spec Result {
636 silly cache add   raw: 'abbrev@1',
636 silly cache add   scope: null,
636 silly cache add   escapedName: 'abbrev',
636 silly cache add   name: 'abbrev',
636 silly cache add   rawSpec: '1',
636 silly cache add   spec: '>=1.0.0 <2.0.0',
636 silly cache add   type: 'range' }
637 silly addNamed abbrev@>=1.0.0 <2.0.0
638 verbose addNamed ">=1.0.0 <2.0.0" is a valid semver range for abbrev
639 silly addNameRange { name: 'abbrev', range: '>=1.0.0 <2.0.0', hasData: false }
640 silly mapToRegistry name abbrev
641 silly mapToRegistry using default registry
642 silly mapToRegistry registry https://registry.npmjs.org/
643 silly mapToRegistry data Result {
643 silly mapToRegistry   raw: 'abbrev',
643 silly mapToRegistry   scope: null,
643 silly mapToRegistry   escapedName: 'abbrev',
643 silly mapToRegistry   name: 'abbrev',
643 silly mapToRegistry   rawSpec: '',
643 silly mapToRegistry   spec: 'latest',
643 silly mapToRegistry   type: 'tag' }
644 silly mapToRegistry uri https://registry.npmjs.org/abbrev
645 verbose addNameRange registry:https://registry.npmjs.org/abbrev not in flight; fetching
646 verbose get https://registry.npmjs.org/abbrev not expired, no request
647 silly addNameRange number 2 { name: 'abbrev', range: '>=1.0.0 <2.0.0', hasData: true }
648 silly addNameRange versions [ 'abbrev',
648 silly addNameRange   [ '1.0.3', '1.0.4', '1.0.5', '1.0.6', '1.0.7', '1.0.9' ] ]
649 silly addNamed abbrev@1.0.9
650 verbose addNamed "1.0.9" is a plain semver version for abbrev
651 silly cache afterAdd abbrev@1.0.9
652 verbose afterAdd /Users/yueyue/.npm/abbrev/1.0.9/package/package.json not in flight; writing
653 verbose correctMkdir /Users/yueyue/.npm correctMkdir not in flight; initializing
654 verbose afterAdd /Users/yueyue/.npm/abbrev/1.0.9/package/package.json written
655 silly loadAllDepsIntoIdealTree Finishing
656 silly loadIdealTree Finishing
657 silly currentTree lib
657 silly currentTree  grunt-cli@1.2.0
657 silly currentTree    abbrev@1.0.9
657 silly currentTree    balanced-match@0.4.2
657 silly currentTree    brace-expansion@1.1.6
657 silly currentTree    concat-map@0.0.1
657 silly currentTree    findup-sync@0.3.0
657 silly currentTree    glob@5.0.15
657 silly currentTree    grunt-known-options@1.1.0
657 silly currentTree    inflight@1.0.6
657 silly currentTree    inherits@2.0.3
657 silly currentTree    minimatch@3.0.3
657 silly currentTree    nopt@3.0.6
657 silly currentTree    once@1.4.0
657 silly currentTree    path-is-absolute@1.0.1
657 silly currentTree    resolve@1.1.7
657 silly currentTree    wrappy@1.0.2
658 silly idealTree lib
658 silly idealTree  grunt-cli@1.2.0
658 silly idealTree    abbrev@1.0.9
658 silly idealTree    balanced-match@0.4.2
658 silly idealTree    brace-expansion@1.1.6
658 silly idealTree    concat-map@0.0.1
658 silly idealTree    findup-sync@0.3.0
658 silly idealTree    glob@5.0.15
658 silly idealTree    grunt-known-options@1.1.0
658 silly idealTree    inflight@1.0.6
658 silly idealTree    inherits@2.0.3
658 silly idealTree    minimatch@3.0.3
658 silly idealTree    nopt@3.0.6
658 silly idealTree    once@1.4.0
658 silly idealTree    path-is-absolute@1.0.1
658 silly idealTree    resolve@1.1.7
658 silly idealTree    wrappy@1.0.2
659 silly generateActionsToTake Starting
660 silly install generateActionsToTake
661 warn checkPermissions Missing write access to /usr/local/lib/node_modules/grunt-cli
662 warn checkPermissions Missing write access to /usr/local/lib/node_modules
663 silly rollbackFailedOptional Starting
664 silly rollbackFailedOptional Finishing
665 silly runTopLevelLifecycles Finishing
666 silly install printInstalled
667 verbose stack Error: EACCES: permission denied, access '/usr/local/lib/node_modules/grunt-cli'
667 verbose stack     at Error (native)
668 verbose cwd /Users/yueyue/Desktop/joulejoule/work
669 error Darwin 15.0.0
670 error argv "/usr/local/bin/node" "/usr/local/bin/npm" "install" "grunt-cli" "-g"
671 error node v6.9.2
672 error npm  v3.10.9
673 error path /usr/local/lib/node_modules/grunt-cli
674 error code EACCES
675 error errno -13
676 error syscall access
677 error Error: EACCES: permission denied, access '/usr/local/lib/node_modules/grunt-cli'
677 error     at Error (native)
677 error  { Error: EACCES: permission denied, access '/usr/local/lib/node_modules/grunt-cli'
677 error     at Error (native)
677 error   errno: -13,
677 error   code: 'EACCES',
677 error   syscall: 'access',
677 error   path: '/usr/local/lib/node_modules/grunt-cli' }
678 error Please try running this command again as root/Administrator.
679 verbose exit [ -13, true ]
